{"numFailedTestSuites":0,"numFailedTests":0,"numPassedTestSuites":1,"numPassedTests":30,"numPendingTestSuites":0,"numPendingTests":0,"numRuntimeErrorTestSuites":0,"numTodoTests":0,"numTotalTestSuites":1,"numTotalTests":30,"openHandles":[],"snapshot":{"added":0,"didUpdate":true,"failure":false,"filesAdded":0,"filesRemoved":0,"filesRemovedList":[],"filesUnmatched":0,"filesUpdated":0,"matched":10,"total":10,"unchecked":0,"uncheckedKeysByFile":[],"unmatched":0,"updated":0},"startTime":1642676015013,"success":true,"testResults":[{"assertionResults":[{"ancestorTitles":["signup for petra"],"failureMessages":[],"fullName":"signup for petra fill name with petra","location":null,"status":"passed","title":"fill name with petra"},{"ancestorTitles":["signup for petra"],"failureMessages":[],"fullName":"signup for petra fill email with ","location":null,"status":"passed","title":"fill email with "},{"ancestorTitles":["signup for petra"],"failureMessages":[],"fullName":"signup for petra fill pass with ","location":null,"status":"passed","title":"fill pass with "},{"ancestorTitles":["signup for petra"],"failureMessages":[],"fullName":"signup for petra check terms is true","location":null,"status":"passed","title":"check terms is true"},{"ancestorTitles":["signup for petra"],"failureMessages":[],"fullName":"signup for petra check subscribe is false","location":null,"status":"passed","title":"check subscribe is false"},{"ancestorTitles":["signup for petra"],"failureMessages":[],"fullName":"signup for petra submit","location":null,"status":"passed","title":"submit"},{"ancestorTitles":["signup for rock"],"failureMessages":[],"fullName":"signup for rock fill name with rock","location":null,"status":"passed","title":"fill name with rock"},{"ancestorTitles":["signup for rock"],"failureMessages":[],"fullName":"signup for rock fill email with invalid","location":null,"status":"passed","title":"fill email with invalid"},{"ancestorTitles":["signup for rock"],"failureMessages":[],"fullName":"signup for rock fill pass with 123","location":null,"status":"passed","title":"fill pass with 123"},{"ancestorTitles":["signup for rock"],"failureMessages":[],"fullName":"signup for rock check terms is false","location":null,"status":"passed","title":"check terms is false"},{"ancestorTitles":["signup for rock"],"failureMessages":[],"fullName":"signup for rock check subscribe is false","location":null,"status":"passed","title":"check subscribe is false"},{"ancestorTitles":["signup for rock"],"failureMessages":[],"fullName":"signup for rock submit","location":null,"status":"passed","title":"submit"},{"ancestorTitles":["signup for cliff"],"failureMessages":[],"fullName":"signup for cliff fill name with cliff","location":null,"status":"passed","title":"fill name with cliff"},{"ancestorTitles":["signup for cliff"],"failureMessages":[],"fullName":"signup for cliff fill email with valid@gmail.com","location":null,"status":"passed","title":"fill email with valid@gmail.com"},{"ancestorTitles":["signup for cliff"],"failureMessages":[],"fullName":"signup for cliff fill pass with abcdefgh","location":null,"status":"passed","title":"fill pass with abcdefgh"},{"ancestorTitles":["signup for cliff"],"failureMessages":[],"fullName":"signup for cliff check terms is false","location":null,"status":"passed","title":"check terms is false"},{"ancestorTitles":["signup for cliff"],"failureMessages":[],"fullName":"signup for cliff check subscribe is false","location":null,"status":"passed","title":"check subscribe is false"},{"ancestorTitles":["signup for cliff"],"failureMessages":[],"fullName":"signup for cliff submit","location":null,"status":"passed","title":"submit"},{"ancestorTitles":["signup for stone"],"failureMessages":[],"fullName":"signup for stone fill name with stone","location":null,"status":"passed","title":"fill name with stone"},{"ancestorTitles":["signup for stone"],"failureMessages":[],"fullName":"signup for stone fill email with stone@gmail.com","location":null,"status":"passed","title":"fill email with stone@gmail.com"},{"ancestorTitles":["signup for stone"],"failureMessages":[],"fullName":"signup for stone fill pass with abcdefgh","location":null,"status":"passed","title":"fill pass with abcdefgh"},{"ancestorTitles":["signup for stone"],"failureMessages":[],"fullName":"signup for stone check terms is true","location":null,"status":"passed","title":"check terms is true"},{"ancestorTitles":["signup for stone"],"failureMessages":[],"fullName":"signup for stone check subscribe is false","location":null,"status":"passed","title":"check subscribe is false"},{"ancestorTitles":["signup for stone"],"failureMessages":[],"fullName":"signup for stone submit","location":null,"status":"passed","title":"submit"},{"ancestorTitles":["signup for valid"],"failureMessages":[],"fullName":"signup for valid fill name with Road","location":null,"status":"passed","title":"fill name with Road"},{"ancestorTitles":["signup for valid"],"failureMessages":[],"fullName":"signup for valid fill email with Freeda_Cruickshank99@hotmail.com","location":null,"status":"passed","title":"fill email with Freeda_Cruickshank99@hotmail.com"},{"ancestorTitles":["signup for valid"],"failureMessages":[],"fullName":"signup for valid fill pass with NyRTvF8eVEGoC4W","location":null,"status":"passed","title":"fill pass with NyRTvF8eVEGoC4W"},{"ancestorTitles":["signup for valid"],"failureMessages":[],"fullName":"signup for valid check terms is true","location":null,"status":"passed","title":"check terms is true"},{"ancestorTitles":["signup for valid"],"failureMessages":[],"fullName":"signup for valid check subscribe is true","location":null,"status":"passed","title":"check subscribe is true"},{"ancestorTitles":["signup for valid"],"failureMessages":[],"fullName":"signup for valid submit","location":null,"status":"passed","title":"submit"}],"endTime":1642676053742,"message":"","name":"/Users/andriiprykhodko/Documents/miro-test/specs/sign-up.spec.js","startTime":1642676015524,"status":"passed","summary":""}],"wasInterrupted":false}